<?xml version="1.0" encoding="UTF-8"?>
<testsuite xmlns:xsi="http://www.w3.org/2001/XMLSchema-instance" xsi:noNamespaceSchemaLocation="https://maven.apache.org/surefire/maven-surefire-plugin/xsd/surefire-test-report-3.0.xsd" version="3.0" name="test.java.com.myapp.calculatorapp.CalculatorTest" time="0.169" tests="5" errors="0" skipped="0" failures="0">
  <properties>
[...]
</properties>
  <testcase name="testDivision1" classname="test.java.com.myapp.calculatorapp.CalculatorTest" time="0.103"/>
  <testcase name="testDivision2" classname="test.java.com.myapp.calculatorapp.CalculatorTest" time="0"/>
  <testcase name="testMultiplication" classname="test.java.com.myapp.calculatorapp.CalculatorTest" time="0"/>
  <testcase name="testAddition" classname="test.java.com.myapp.calculatorapp.CalculatorTest" time="0"/>
  <testcase name="testSubtraction" classname="test.java.com.myapp.calculatorapp.CalculatorTest" time="0.001"/>
</testsuite>